<?xml version="1.0" encoding="UTF-8"?>
<!-- Generated by org.testng.reporters.JUnitXMLReporter -->
<testsuite ignored="0" hostname="DESKTOP-0JVKVD7" failures="0" tests="2" name="Default test" time="21.076" errors="0" timestamp="10 Aug 2019 07:15:39 GMT">
  <testcase classname="com.seleniumHybrid.testCase.TC_LoginTestModulleMethod" name="LoginTest" time="5.859"/>
  <testcase classname="com.seleniumHybrid.testCase.TC_LoginTestModulleMethod" name="abc" time="0.007"/>
</testsuite> <!-- Default test -->
