<?xml version="1.0" encoding="UTF-8"?>
<!-- Generated by org.testng.reporters.JUnitXMLReporter -->
<testsuite ignored="0" hostname="DESKTOP-0JVKVD7" failures="1" tests="1" name="Regression1" time="18.745" errors="0" timestamp="19 Jul 2019 13:16:56 GMT">
  <testcase classname="com.seleniumHybrid.testCase.TC_LoginTestModulleMethod" name="LoginTest1" time="0.101">
    <failure type="java.lang.NullPointerException">
      <![CDATA[java.lang.NullPointerException
at org.openqa.selenium.support.pagefactory.DefaultElementLocator.findElement(DefaultElementLocator.java:69)
at org.openqa.selenium.support.pagefactory.internal.LocatingElementHandler.invoke(LocatingElementHandler.java:38)
at com.sun.proxy.$Proxy11.click(Unknown Source)
at com.seleniumHybrid.pageObject.SampWebHomePage.clickLoginButton(SampWebHomePage.java:23)
at com.seleniumHybrid.appModule.SignIn_Action.Execute(SignIn_Action.java:19)
at com.seleniumHybrid.testCase.TC_LoginTestModulleMethod.LoginTest1(TC_LoginTestModulleMethod.java:45)
... Removed 25 stack frames]]>
    </failure>
  </testcase> <!-- LoginTest1 -->
</testsuite> <!-- Regression1 -->
