<?xml version="1.0" encoding="UTF-8"?>
<!-- Generated by org.testng.reporters.JUnitXMLReporter -->
<testsuite ignored="0" hostname="DESKTOP-0JVKVD7" failures="1" tests="1" name="Regression1" time="4.107" errors="0" timestamp="20 Jul 2019 12:05:45 GMT">
  <testcase classname="com.seleniumHybrid.testCase.BaseClass" name="@AfterMethod afterMethod" time="0.004">
    <failure type="java.lang.NullPointerException">
      <![CDATA[java.lang.NullPointerException
at com.seleniumHybrid.testCase.BaseClass.afterMethod(BaseClass.java:68)
... Removed 28 stack frames]]>
    </failure>
  </testcase> <!-- @AfterMethod afterMethod -->
  <testcase classname="com.seleniumHybrid.testCase.BaseClass" name="@AfterClass tearDown" time="0.0">
    <skipped/>
  </testcase> <!-- @AfterClass tearDown -->
  <testcase classname="com.seleniumHybrid.testCase.TC_LoginTestModulleMethod" name="LoginTest" time="0.045">
    <failure type="java.lang.NullPointerException">
      <![CDATA[java.lang.NullPointerException
at com.seleniumHybrid.pageObject.SampWebHomePage.<init>(SampWebHomePage.java:14)
at com.seleniumHybrid.appModule.SignIn_Action.Execute(SignIn_Action.java:17)
at com.seleniumHybrid.testCase.TC_LoginTestModulleMethod.LoginTest(TC_LoginTestModulleMethod.java:13)
... Removed 25 stack frames]]>
    </failure>
  </testcase> <!-- LoginTest -->
</testsuite> <!-- Regression1 -->
