<?xml version="1.0" encoding="UTF-8"?>
<testng-results ignored="0" total="2" passed="2" failed="0" skipped="0">
  <reporter-output>
  </reporter-output>
  <suite started-at="2019-08-10T16:55:41Z" name="Default suite" finished-at="2019-08-10T16:56:04Z" duration-ms="22946">
    <groups>
    </groups>
    <test started-at="2019-08-10T16:55:41Z" name="Default test" finished-at="2019-08-10T16:56:04Z" duration-ms="22946">
      <class name="com.seleniumHybrid.testCase.TC_LoginTestModulleMethod">
        <test-method is-config="true" signature="beforeClass()[pri:0, instance:com.seleniumHybrid.testCase.TC_LoginTestModulleMethod@2e1d27ba]" started-at="2019-08-10T16:55:41Z" name="beforeClass" finished-at="2019-08-10T16:55:42Z" duration-ms="994" status="PASS">
          <reporter-output>
          </reporter-output>
        </test-method> <!-- beforeClass -->
        <test-method is-config="true" signature="beforeMethod(java.lang.reflect.Method)[pri:0, instance:com.seleniumHybrid.testCase.TC_LoginTestModulleMethod@2e1d27ba]" started-at="2019-08-10T16:55:42Z" name="beforeMethod" finished-at="2019-08-10T16:55:58Z" duration-ms="16318" status="PASS">
          <params>
            <param index="0">
              <value>
                <![CDATA[public void com.seleniumHybrid.testCase.TC_LoginTestModulleMethod.LoginTest() throws java.lang.Exception]]>
              </value>
            </param>
          </params>
          <reporter-output>
          </reporter-output>
        </test-method> <!-- beforeMethod -->
        <test-method signature="LoginTest()[pri:0, instance:com.seleniumHybrid.testCase.TC_LoginTestModulleMethod@2e1d27ba]" started-at="2019-08-10T16:55:58Z" name="LoginTest" finished-at="2019-08-10T16:56:03Z" duration-ms="4694" status="PASS">
          <reporter-output>
          </reporter-output>
        </test-method> <!-- LoginTest -->
        <test-method is-config="true" signature="afterMethod()[pri:0, instance:com.seleniumHybrid.testCase.TC_LoginTestModulleMethod@2e1d27ba]" started-at="2019-08-10T16:56:03Z" name="afterMethod" finished-at="2019-08-10T16:56:04Z" duration-ms="853" status="PASS">
          <reporter-output>
          </reporter-output>
        </test-method> <!-- afterMethod -->
        <test-method is-config="true" signature="beforeMethod(java.lang.reflect.Method)[pri:0, instance:com.seleniumHybrid.testCase.TC_LoginTestModulleMethod@2e1d27ba]" started-at="2019-08-10T16:56:04Z" name="beforeMethod" finished-at="2019-08-10T16:56:04Z" duration-ms="14" status="PASS">
          <params>
            <param index="0">
              <value>
                <![CDATA[public void com.seleniumHybrid.testCase.TC_LoginTestModulleMethod.abc() throws java.lang.Exception]]>
              </value>
            </param>
          </params>
          <reporter-output>
          </reporter-output>
        </test-method> <!-- beforeMethod -->
        <test-method signature="abc()[pri:0, instance:com.seleniumHybrid.testCase.TC_LoginTestModulleMethod@2e1d27ba]" started-at="2019-08-10T16:56:04Z" name="abc" finished-at="2019-08-10T16:56:04Z" duration-ms="5" status="PASS">
          <reporter-output>
          </reporter-output>
        </test-method> <!-- abc -->
        <test-method is-config="true" signature="afterMethod()[pri:0, instance:com.seleniumHybrid.testCase.TC_LoginTestModulleMethod@2e1d27ba]" started-at="2019-08-10T16:56:04Z" name="afterMethod" finished-at="2019-08-10T16:56:04Z" duration-ms="15" status="PASS">
          <reporter-output>
          </reporter-output>
        </test-method> <!-- afterMethod -->
        <test-method is-config="true" signature="tearDown()[pri:0, instance:com.seleniumHybrid.testCase.TC_LoginTestModulleMethod@2e1d27ba]" started-at="2019-08-10T16:56:04Z" name="tearDown" finished-at="2019-08-10T16:56:04Z" duration-ms="2" status="PASS">
          <reporter-output>
          </reporter-output>
        </test-method> <!-- tearDown -->
      </class> <!-- com.seleniumHybrid.testCase.TC_LoginTestModulleMethod -->
    </test> <!-- Default test -->
  </suite> <!-- Default suite -->
</testng-results>
