<?xml version="1.0" encoding="UTF-8"?>
<testng-results ignored="0" total="1" passed="0" failed="1" skipped="0">
  <reporter-output>
  </reporter-output>
  <suite started-at="2019-07-20T13:53:00Z" name="Default suite" finished-at="2019-07-20T13:53:50Z" duration-ms="49606">
    <groups>
    </groups>
    <test started-at="2019-07-20T13:53:00Z" name="Default test" finished-at="2019-07-20T13:53:50Z" duration-ms="49606">
      <class name="com.seleniumHybrid.testCase.TC_LoginTestModulleMethod">
        <test-method is-config="true" signature="beforeClass()[pri:0, instance:com.seleniumHybrid.testCase.TC_LoginTestModulleMethod@291caca8]" started-at="2019-07-20T13:53:00Z" name="beforeClass" finished-at="2019-07-20T13:53:01Z" duration-ms="996" status="PASS">
          <reporter-output>
          </reporter-output>
        </test-method> <!-- beforeClass -->
        <test-method is-config="true" signature="beforeMethod(java.lang.reflect.Method)[pri:0, instance:com.seleniumHybrid.testCase.TC_LoginTestModulleMethod@291caca8]" started-at="2019-07-20T13:53:01Z" name="beforeMethod" finished-at="2019-07-20T13:53:28Z" duration-ms="26854" status="PASS">
          <params>
            <param index="0">
              <value>
                <![CDATA[public void com.seleniumHybrid.testCase.TC_LoginTestModulleMethod.LoginTest() throws java.lang.Exception]]>
              </value>
            </param>
          </params>
          <reporter-output>
          </reporter-output>
        </test-method> <!-- beforeMethod -->
        <test-method signature="LoginTest()[pri:0, instance:com.seleniumHybrid.testCase.TC_LoginTestModulleMethod@291caca8]" started-at="2019-07-20T13:53:28Z" name="LoginTest" finished-at="2019-07-20T13:53:49Z" duration-ms="20951" status="FAIL">
          <exception class="org.openqa.selenium.NoSuchElementException">
            <message>
              <![CDATA[Cannot locate an element using name=btnSignIn
For documentation on this error, please visit: https://www.seleniumhq.org/exceptions/no_such_element.html
Build info: version: '3.141.59', revision: 'e82be7d358', time: '2018-11-14T08:17:03'
System info: host: 'DESKTOP-0JVKVD7', ip: '192.168.0.101', os.name: 'Windows 10', os.arch: 'amd64', os.version: '10.0', java.version: '11.0.2'
Driver info: driver.version: RemoteWebDriver]]>
            </message>
            <full-stacktrace>
              <![CDATA[org.openqa.selenium.NoSuchElementException: Cannot locate an element using name=btnSignIn
For documentation on this error, please visit: https://www.seleniumhq.org/exceptions/no_such_element.html
Build info: version: '3.141.59', revision: 'e82be7d358', time: '2018-11-14T08:17:03'
System info: host: 'DESKTOP-0JVKVD7', ip: '192.168.0.101', os.name: 'Windows 10', os.arch: 'amd64', os.version: '10.0', java.version: '11.0.2'
Driver info: driver.version: RemoteWebDriver
at org.openqa.selenium.remote.RemoteWebDriver.findElement(RemoteWebDriver.java:327)
at org.openqa.selenium.remote.RemoteWebDriver.findElementByName(RemoteWebDriver.java:404)
at org.openqa.selenium.By$ByName.findElement(By.java:284)
at org.openqa.selenium.support.ByIdOrName.findElement(ByIdOrName.java:50)
at org.openqa.selenium.remote.RemoteWebDriver.findElement(RemoteWebDriver.java:315)
at org.openqa.selenium.support.pagefactory.DefaultElementLocator.findElement(DefaultElementLocator.java:69)
at org.openqa.selenium.support.pagefactory.internal.LocatingElementHandler.invoke(LocatingElementHandler.java:38)
at com.sun.proxy.$Proxy12.click(Unknown Source)
at com.seleniumHybrid.pageObject.SampWebHomePage.clickLoginButton(SampWebHomePage.java:24)
at com.seleniumHybrid.appModule.SignIn_Action.Execute(SignIn_Action.java:18)
at com.seleniumHybrid.testCase.TC_LoginTestModulleMethod.LoginTest(TC_LoginTestModulleMethod.java:13)
at java.base/jdk.internal.reflect.NativeMethodAccessorImpl.invoke0(Native Method)
at java.base/jdk.internal.reflect.NativeMethodAccessorImpl.invoke(NativeMethodAccessorImpl.java:62)
at java.base/jdk.internal.reflect.DelegatingMethodAccessorImpl.invoke(DelegatingMethodAccessorImpl.java:43)
at java.base/java.lang.reflect.Method.invoke(Method.java:566)
at org.testng.internal.MethodInvocationHelper.invokeMethod(MethodInvocationHelper.java:124)
at org.testng.internal.Invoker.invokeMethod(Invoker.java:583)
at org.testng.internal.Invoker.invokeTestMethod(Invoker.java:719)
at org.testng.internal.Invoker.invokeTestMethods(Invoker.java:989)
at org.testng.internal.TestMethodWorker.invokeTestMethods(TestMethodWorker.java:125)
at org.testng.internal.TestMethodWorker.run(TestMethodWorker.java:109)
at org.testng.TestRunner.privateRun(TestRunner.java:648)
at org.testng.TestRunner.run(TestRunner.java:505)
at org.testng.SuiteRunner.runTest(SuiteRunner.java:455)
at org.testng.SuiteRunner.runSequentially(SuiteRunner.java:450)
at org.testng.SuiteRunner.privateRun(SuiteRunner.java:415)
at org.testng.SuiteRunner.run(SuiteRunner.java:364)
at org.testng.SuiteRunnerWorker.runSuite(SuiteRunnerWorker.java:52)
at org.testng.SuiteRunnerWorker.run(SuiteRunnerWorker.java:84)
at org.testng.TestNG.runSuitesSequentially(TestNG.java:1208)
at org.testng.TestNG.runSuitesLocally(TestNG.java:1137)
at org.testng.TestNG.runSuites(TestNG.java:1049)
at org.testng.TestNG.run(TestNG.java:1017)
at org.testng.remote.AbstractRemoteTestNG.run(AbstractRemoteTestNG.java:115)
at org.testng.remote.RemoteTestNG.initAndRun(RemoteTestNG.java:251)
at org.testng.remote.RemoteTestNG.main(RemoteTestNG.java:77)
]]>
            </full-stacktrace>
          </exception> <!-- org.openqa.selenium.NoSuchElementException -->
          <reporter-output>
          </reporter-output>
        </test-method> <!-- LoginTest -->
        <test-method is-config="true" signature="afterMethod()[pri:0, instance:com.seleniumHybrid.testCase.TC_LoginTestModulleMethod@291caca8]" started-at="2019-07-20T13:53:49Z" name="afterMethod" finished-at="2019-07-20T13:53:50Z" duration-ms="771" status="PASS">
          <reporter-output>
          </reporter-output>
        </test-method> <!-- afterMethod -->
        <test-method is-config="true" signature="tearDown()[pri:0, instance:com.seleniumHybrid.testCase.TC_LoginTestModulleMethod@291caca8]" started-at="2019-07-20T13:53:50Z" name="tearDown" finished-at="2019-07-20T13:53:50Z" duration-ms="1" status="PASS">
          <reporter-output>
          </reporter-output>
        </test-method> <!-- tearDown -->
      </class> <!-- com.seleniumHybrid.testCase.TC_LoginTestModulleMethod -->
    </test> <!-- Default test -->
  </suite> <!-- Default suite -->
</testng-results>
